<?xml version="1.0" encoding="UTF-8"?>
<testsuite xmlns:xsi="http://www.w3.org/2001/XMLSchema-instance" xsi:noNamespaceSchemaLocation="https://maven.apache.org/surefire/maven-surefire-plugin/xsd/surefire-test-report.xsd" name="TemporadaTest" time="0.019" tests="37" errors="0" skipped="0" failures="0">
  <properties>
    <property name="java.specification.version" value="19"/>
    <property name="sun.jnu.encoding" value="UTF-8"/>
    <property name="java.class.path" value="/Users/josemaria/Developer/PROGR/Clase/Proyectos/Vergefix/target/test-classes:/Users/josemaria/Developer/PROGR/Clase/Proyectos/Vergefix/target/classes:/Users/josemaria/.m2/repository/org/junit/jupiter/junit-jupiter-api/5.6.0/junit-jupiter-api-5.6.0.jar:/Users/josemaria/.m2/repository/org/apiguardian/apiguardian-api/1.1.0/apiguardian-api-1.1.0.jar:/Users/josemaria/.m2/repository/org/opentest4j/opentest4j/1.2.0/opentest4j-1.2.0.jar:/Users/josemaria/.m2/repository/org/junit/platform/junit-platform-commons/1.6.0/junit-platform-commons-1.6.0.jar:/Users/josemaria/.m2/repository/org/junit/jupiter/junit-jupiter-params/5.6.0/junit-jupiter-params-5.6.0.jar:/Users/josemaria/.m2/repository/org/junit/jupiter/junit-jupiter-engine/5.6.0/junit-jupiter-engine-5.6.0.jar:/Users/josemaria/.m2/repository/org/junit/platform/junit-platform-engine/1.6.0/junit-platform-engine-1.6.0.jar:"/>
    <property name="java.vm.vendor" value="Oracle Corporation"/>
    <property name="sun.arch.data.model" value="64"/>
    <property name="java.vendor.url" value="https://java.oracle.com/"/>
    <property name="os.name" value="Mac OS X"/>
    <property name="java.vm.specification.version" value="19"/>
    <property name="user.country" value="ES"/>
    <property name="sun.java.launcher" value="SUN_STANDARD"/>
    <property name="sun.boot.library.path" value="/Users/josemaria/Library/Java/JavaVirtualMachines/openjdk-19.0.2/Contents/Home/lib"/>
    <property name="sun.java.command" value="/Users/josemaria/Developer/PROGR/Clase/Proyectos/Vergefix/target/surefire/surefirebooter17719275122535814163.jar /Users/josemaria/Developer/PROGR/Clase/Proyectos/Vergefix/target/surefire 2023-03-21T22-41-24_538-jvmRun1 surefire1297377518851285834tmp surefire_015775527533157000479tmp"/>
    <property name="http.nonProxyHosts" value="local|*.local|169.254/16|*.169.254/16"/>
    <property name="jdk.debug" value="release"/>
    <property name="test" value="*Test"/>
    <property name="surefire.test.class.path" value="/Users/josemaria/Developer/PROGR/Clase/Proyectos/Vergefix/target/test-classes:/Users/josemaria/Developer/PROGR/Clase/Proyectos/Vergefix/target/classes:/Users/josemaria/.m2/repository/org/junit/jupiter/junit-jupiter-api/5.6.0/junit-jupiter-api-5.6.0.jar:/Users/josemaria/.m2/repository/org/apiguardian/apiguardian-api/1.1.0/apiguardian-api-1.1.0.jar:/Users/josemaria/.m2/repository/org/opentest4j/opentest4j/1.2.0/opentest4j-1.2.0.jar:/Users/josemaria/.m2/repository/org/junit/platform/junit-platform-commons/1.6.0/junit-platform-commons-1.6.0.jar:/Users/josemaria/.m2/repository/org/junit/jupiter/junit-jupiter-params/5.6.0/junit-jupiter-params-5.6.0.jar:/Users/josemaria/.m2/repository/org/junit/jupiter/junit-jupiter-engine/5.6.0/junit-jupiter-engine-5.6.0.jar:/Users/josemaria/.m2/repository/org/junit/platform/junit-platform-engine/1.6.0/junit-platform-engine-1.6.0.jar:"/>
    <property name="sun.cpu.endian" value="little"/>
    <property name="user.home" value="/Users/josemaria"/>
    <property name="user.language" value="es"/>
    <property name="java.specification.vendor" value="Oracle Corporation"/>
    <property name="java.version.date" value="2023-01-17"/>
    <property name="java.home" value="/Users/josemaria/Library/Java/JavaVirtualMachines/openjdk-19.0.2/Contents/Home"/>
    <property name="file.separator" value="/"/>
    <property name="basedir" value="/Users/josemaria/Developer/PROGR/Clase/Proyectos/Vergefix"/>
    <property name="java.vm.compressedOopsMode" value="Zero based"/>
    <property name="line.separator" value="&#10;"/>
    <property name="java.vm.specification.vendor" value="Oracle Corporation"/>
    <property name="java.specification.name" value="Java Platform API Specification"/>
    <property name="apple.awt.application.name" value="ForkedBooter"/>
    <property name="surefire.real.class.path" value="/Users/josemaria/Developer/PROGR/Clase/Proyectos/Vergefix/target/surefire/surefirebooter17719275122535814163.jar"/>
    <property name="sun.management.compiler" value="HotSpot 64-Bit Tiered Compilers"/>
    <property name="ftp.nonProxyHosts" value="local|*.local|169.254/16|*.169.254/16"/>
    <property name="java.runtime.version" value="19.0.2+7-44"/>
    <property name="user.name" value="josemaria"/>
    <property name="stdout.encoding" value="UTF-8"/>
    <property name="path.separator" value=":"/>
    <property name="os.version" value="13.2.1"/>
    <property name="java.runtime.name" value="OpenJDK Runtime Environment"/>
    <property name="file.encoding" value="UTF-8"/>
    <property name="java.vm.name" value="OpenJDK 64-Bit Server VM"/>
    <property name="maven.ext.class.path" value="/Applications/NetBeans/Apache NetBeans 15.app/Contents/Resources/NetBeans/netbeans/java/maven-nblib/netbeans-eventspy.jar"/>
    <property name="localRepository" value="/Users/josemaria/.m2/repository"/>
    <property name="java.vendor.url.bug" value="https://bugreport.java.com/bugreport/"/>
    <property name="java.io.tmpdir" value="/var/folders/74/nsbl6xpj4y3fnbn2l0nb7s2h0000gn/T/"/>
    <property name="java.version" value="19.0.2"/>
    <property name="user.dir" value="/Users/josemaria/Developer/PROGR/Clase/Proyectos/Vergefix"/>
    <property name="os.arch" value="aarch64"/>
    <property name="java.vm.specification.name" value="Java Virtual Machine Specification"/>
    <property name="native.encoding" value="UTF-8"/>
    <property name="java.library.path" value="/Users/josemaria/Library/Java/Extensions:/Library/Java/Extensions:/Network/Library/Java/Extensions:/System/Library/Java/Extensions:/usr/lib/java:."/>
    <property name="java.vm.info" value="mixed mode, sharing"/>
    <property name="stderr.encoding" value="UTF-8"/>
    <property name="java.vendor" value="Oracle Corporation"/>
    <property name="java.vm.version" value="19.0.2+7-44"/>
    <property name="sun.io.unicode.encoding" value="UnicodeBig"/>
    <property name="socksNonProxyHosts" value="local|*.local|169.254/16|*.169.254/16"/>
    <property name="java.class.version" value="63.0"/>
  </properties>
  <testcase name="testDevuelveCapituloEnPosicionCorrecta" classname="TemporadaTest$TemporadaGettersTest$GetCapituloTest" time="0"/>
  <testcase name="testRetornaNullEnPosicionInvalida" classname="TemporadaTest$TemporadaGettersTest$GetCapituloTest" time="0"/>
  <testcase name="testDevuelveFechaEstrenoCorrecta" classname="TemporadaTest$TemporadaGettersTest$GetFechaEstrenoTest" time="0"/>
  <testcase name="noDeberiaModificarCapituloConFechaEmisionAnteriorAFechaEstreno" classname="TemporadaTest$TemporadaSetCapituloFechaEmisionTest" time="0"/>
  <testcase name="deberiaModificarCapituloExistenteConFechaEmisionValida" classname="TemporadaTest$TemporadaSetCapituloFechaEmisionTest" time="0"/>
  <testcase name="deberiaNoModificarCapituloInexistente" classname="TemporadaTest$TemporadaSetCapituloFechaEmisionTest" time="0"/>
  <testcase name="deberiaNoModificarCapituloInexistente" classname="TemporadaTest$TemporadaSetCapituloTest" time="0.001"/>
  <testcase name="deberiaCrearCorrectamenteUnaTemporadaValidamosLaFecha" classname="TemporadaTest$ConstructorTest" time="0"/>
  <testcase name="deberiaActualizarLaFechaDeEstrenoCuandoSeLlamaASetFechaEstrenoConUnaNuevaFechaYNoHayCapitulos" classname="TemporadaTest$setFechaEstrenoTest" time="0"/>
  <testcase name="deberiaActualizarLaFechaDeEstrenoCuandoSeLlamaASetFechaEstrenoConUnaNuevaFechaAnteriorAlPrimerCapitulo" classname="TemporadaTest$setFechaEstrenoTest" time="0"/>
  <testcase name="noDeberiaActualizarLaFechaDeEstrenoCuandoSeLlamaASetFechaEstrenoConUnaNuevaFechaPosteriorAlPrimerCapitulo" classname="TemporadaTest$setFechaEstrenoTest" time="0"/>
  <testcase name="deberiaNoModificarTituloCapituloConTituloConEspaciosEnBlanco" classname="TemporadaTest$TemporadaSetCapituloConTituloTest" time="0"/>
  <testcase name="deberiaModificarTituloCapituloExistente" classname="TemporadaTest$TemporadaSetCapituloConTituloTest" time="0"/>
  <testcase name="deberiaNoModificarTituloCapituloConTituloVacio" classname="TemporadaTest$TemporadaSetCapituloConTituloTest" time="0"/>
  <testcase name="deberiaNoModificarTituloCapituloInexistente" classname="TemporadaTest$TemporadaSetCapituloConTituloTest" time="0"/>
  <testcase name="deberiaNoModificarTituloCapituloConTituloExistente" classname="TemporadaTest$TemporadaSetCapituloConTituloTest" time="0"/>
  <testcase name="testConstructorCopiaCopiaCorrectamenteFecha" classname="TemporadaTest$ConstrutorCopiaTest" time="0"/>
  <testcase name="testConstructorCopiaCopiaProfundaDeCapitulos" classname="TemporadaTest$ConstrutorCopiaTest" time="0"/>
  <testcase name="deberiaDevolverLos3CapitulosMejorValorados" classname="TemporadaTest$TemporadaCapitulosMejorValoradosTest" time="0"/>
  <testcase name="deberiaDevolverLos2CapitulosMejorValorados" classname="TemporadaTest$TemporadaCapitulosMejorValoradosTest" time="0"/>
  <testcase name="deberiaLanzarExcepcionCuandoPosicionEsInvalida" classname="TemporadaTest$TemporadaCapitulosMejorValoradosTest" time="0.002"/>
  <testcase name="deberiaEliminarCapitulo" classname="TemporadaTest$TemporadaEliminarCapituloTest" time="0"/>
  <testcase name="deberiaDevolverFalseAlEliminarCapituloConTituloInexistente" classname="TemporadaTest$TemporadaEliminarCapituloTest" time="0"/>
  <testcase name="deberiaDevolverFalseAlEliminarCapituloConPosicionInvalida" classname="TemporadaTest$TemporadaEliminarCapituloTest" time="0.001"/>
  <testcase name="deberiaNoEliminarCapitulosConExpresionRegularNoEncontrada" classname="TemporadaTest$TemporadaEliminarCapitulosTest" time="0.001"/>
  <testcase name="deberiaEliminarCapitulosConExpresionRegular" classname="TemporadaTest$TemporadaEliminarCapitulosTest" time="0.001"/>
  <testcase name="deberiaModificarCapituloExistente" classname="TemporadaTest$TemporadaSetCapituloTest" time="0.001"/>
  <testcase name="deberiaNoModificarCapituloConTituloExistente" classname="TemporadaTest$TemporadaSetCapituloTest" time="0"/>
  <testcase name="noDeberiaModificarCapituloConFechaAnteriorAEstreno" classname="TemporadaTest$TemporadaSetCapituloTest" time="0.001"/>
  <testcase name="deberiaAñadirVotoNegativoACapituloExistente" classname="TemporadaTest$TemporadaMeGustaPorTituloTest" time="0"/>
  <testcase name="deberiaAñadirVotoNegativoACapituloExistente" classname="TemporadaTest$TemporadaMeGustaPorPosicionTest" time="0"/>
  <testcase name="noDeberiaAñadirVotoPositivoACapituloInexistente" classname="TemporadaTest$TemporadaMeGustaPorTituloTest" time="0"/>
  <testcase name="deberiaAñadirVotoPositivoACapituloExistente" classname="TemporadaTest$TemporadaMeGustaPorTituloTest" time="0.001"/>
  <testcase name="deberiaAñadirVotoPositivoACapituloExistente" classname="TemporadaTest$TemporadaMeGustaPorPosicionTest" time="0"/>
  <testcase name="noDeberiaAñadirVotoNegativoACapituloInexistente" classname="TemporadaTest$TemporadaMeGustaPorTituloTest" time="0"/>
  <testcase name="deberiaNoAñadirVotoNegativoACapituloInexistente" classname="TemporadaTest$TemporadaMeGustaPorPosicionTest" time="0"/>
  <testcase name="deberiaNoAñadirVotoPositivoACapituloInexistente" classname="TemporadaTest$TemporadaMeGustaPorPosicionTest" time="0"/>
</testsuite>