<?xml version="1.0" encoding="UTF-8"?>
<testsuite xmlns:xsi="http://www.w3.org/2001/XMLSchema-instance" xsi:noNamespaceSchemaLocation="https://maven.apache.org/surefire/maven-surefire-plugin/xsd/surefire-test-report.xsd" name="CapituloTest" time="0.041" tests="12" errors="0" skipped="0" failures="0">
  <properties>
    <property name="java.specification.version" value="19"/>
    <property name="sun.jnu.encoding" value="UTF-8"/>
    <property name="java.class.path" value="/Users/josemaria/Developer/PROGR/Clase/Proyectos/Vergefix/target/test-classes:/Users/josemaria/Developer/PROGR/Clase/Proyectos/Vergefix/target/classes:/Users/josemaria/.m2/repository/org/junit/jupiter/junit-jupiter-api/5.6.0/junit-jupiter-api-5.6.0.jar:/Users/josemaria/.m2/repository/org/apiguardian/apiguardian-api/1.1.0/apiguardian-api-1.1.0.jar:/Users/josemaria/.m2/repository/org/opentest4j/opentest4j/1.2.0/opentest4j-1.2.0.jar:/Users/josemaria/.m2/repository/org/junit/platform/junit-platform-commons/1.6.0/junit-platform-commons-1.6.0.jar:/Users/josemaria/.m2/repository/org/junit/jupiter/junit-jupiter-params/5.6.0/junit-jupiter-params-5.6.0.jar:/Users/josemaria/.m2/repository/org/junit/jupiter/junit-jupiter-engine/5.6.0/junit-jupiter-engine-5.6.0.jar:/Users/josemaria/.m2/repository/org/junit/platform/junit-platform-engine/1.6.0/junit-platform-engine-1.6.0.jar:"/>
    <property name="java.vm.vendor" value="Oracle Corporation"/>
    <property name="sun.arch.data.model" value="64"/>
    <property name="java.vendor.url" value="https://java.oracle.com/"/>
    <property name="os.name" value="Mac OS X"/>
    <property name="java.vm.specification.version" value="19"/>
    <property name="user.country" value="ES"/>
    <property name="sun.java.launcher" value="SUN_STANDARD"/>
    <property name="sun.boot.library.path" value="/Users/josemaria/Library/Java/JavaVirtualMachines/openjdk-19.0.2/Contents/Home/lib"/>
    <property name="sun.java.command" value="/Users/josemaria/Developer/PROGR/Clase/Proyectos/Vergefix/target/surefire/surefirebooter17719275122535814163.jar /Users/josemaria/Developer/PROGR/Clase/Proyectos/Vergefix/target/surefire 2023-03-21T22-41-24_538-jvmRun1 surefire1297377518851285834tmp surefire_015775527533157000479tmp"/>
    <property name="http.nonProxyHosts" value="local|*.local|169.254/16|*.169.254/16"/>
    <property name="jdk.debug" value="release"/>
    <property name="test" value="*Test"/>
    <property name="surefire.test.class.path" value="/Users/josemaria/Developer/PROGR/Clase/Proyectos/Vergefix/target/test-classes:/Users/josemaria/Developer/PROGR/Clase/Proyectos/Vergefix/target/classes:/Users/josemaria/.m2/repository/org/junit/jupiter/junit-jupiter-api/5.6.0/junit-jupiter-api-5.6.0.jar:/Users/josemaria/.m2/repository/org/apiguardian/apiguardian-api/1.1.0/apiguardian-api-1.1.0.jar:/Users/josemaria/.m2/repository/org/opentest4j/opentest4j/1.2.0/opentest4j-1.2.0.jar:/Users/josemaria/.m2/repository/org/junit/platform/junit-platform-commons/1.6.0/junit-platform-commons-1.6.0.jar:/Users/josemaria/.m2/repository/org/junit/jupiter/junit-jupiter-params/5.6.0/junit-jupiter-params-5.6.0.jar:/Users/josemaria/.m2/repository/org/junit/jupiter/junit-jupiter-engine/5.6.0/junit-jupiter-engine-5.6.0.jar:/Users/josemaria/.m2/repository/org/junit/platform/junit-platform-engine/1.6.0/junit-platform-engine-1.6.0.jar:"/>
    <property name="sun.cpu.endian" value="little"/>
    <property name="user.home" value="/Users/josemaria"/>
    <property name="user.language" value="es"/>
    <property name="java.specification.vendor" value="Oracle Corporation"/>
    <property name="java.version.date" value="2023-01-17"/>
    <property name="java.home" value="/Users/josemaria/Library/Java/JavaVirtualMachines/openjdk-19.0.2/Contents/Home"/>
    <property name="file.separator" value="/"/>
    <property name="basedir" value="/Users/josemaria/Developer/PROGR/Clase/Proyectos/Vergefix"/>
    <property name="java.vm.compressedOopsMode" value="Zero based"/>
    <property name="line.separator" value="&#10;"/>
    <property name="java.vm.specification.vendor" value="Oracle Corporation"/>
    <property name="java.specification.name" value="Java Platform API Specification"/>
    <property name="apple.awt.application.name" value="ForkedBooter"/>
    <property name="surefire.real.class.path" value="/Users/josemaria/Developer/PROGR/Clase/Proyectos/Vergefix/target/surefire/surefirebooter17719275122535814163.jar"/>
    <property name="sun.management.compiler" value="HotSpot 64-Bit Tiered Compilers"/>
    <property name="ftp.nonProxyHosts" value="local|*.local|169.254/16|*.169.254/16"/>
    <property name="java.runtime.version" value="19.0.2+7-44"/>
    <property name="user.name" value="josemaria"/>
    <property name="stdout.encoding" value="UTF-8"/>
    <property name="path.separator" value=":"/>
    <property name="os.version" value="13.2.1"/>
    <property name="java.runtime.name" value="OpenJDK Runtime Environment"/>
    <property name="file.encoding" value="UTF-8"/>
    <property name="java.vm.name" value="OpenJDK 64-Bit Server VM"/>
    <property name="maven.ext.class.path" value="/Applications/NetBeans/Apache NetBeans 15.app/Contents/Resources/NetBeans/netbeans/java/maven-nblib/netbeans-eventspy.jar"/>
    <property name="localRepository" value="/Users/josemaria/.m2/repository"/>
    <property name="java.vendor.url.bug" value="https://bugreport.java.com/bugreport/"/>
    <property name="java.io.tmpdir" value="/var/folders/74/nsbl6xpj4y3fnbn2l0nb7s2h0000gn/T/"/>
    <property name="java.version" value="19.0.2"/>
    <property name="user.dir" value="/Users/josemaria/Developer/PROGR/Clase/Proyectos/Vergefix"/>
    <property name="os.arch" value="aarch64"/>
    <property name="java.vm.specification.name" value="Java Virtual Machine Specification"/>
    <property name="native.encoding" value="UTF-8"/>
    <property name="java.library.path" value="/Users/josemaria/Library/Java/Extensions:/Library/Java/Extensions:/Network/Library/Java/Extensions:/System/Library/Java/Extensions:/usr/lib/java:."/>
    <property name="java.vm.info" value="mixed mode, sharing"/>
    <property name="stderr.encoding" value="UTF-8"/>
    <property name="java.vendor" value="Oracle Corporation"/>
    <property name="java.vm.version" value="19.0.2+7-44"/>
    <property name="sun.io.unicode.encoding" value="UnicodeBig"/>
    <property name="socksNonProxyHosts" value="local|*.local|169.254/16|*.169.254/16"/>
    <property name="java.class.version" value="63.0"/>
  </properties>
  <testcase name="deberiaCambiarTituloSiNoEstaVacio" classname="CapituloTest$SetterTest$SetTituloTest" time="0.018"/>
  <testcase name="deberiaNoCambiarTituloSiEstaVacio" classname="CapituloTest$SetterTest$SetTituloTest" time="0.001"/>
  <testcase name="deberiaNoCambiarTituloSiContieneSoloEspacios" classname="CapituloTest$SetterTest$SetTituloTest" time="0"/>
  <testcase name="deberiaCambiarFechaEmision" classname="CapituloTest$SetterTest$FechaEmisionTest" time="0"/>
  <testcase name="meGusta_NoDeberiaIncrementarLosVotosPositivos_CuandoEsFalse" classname="CapituloTest$MeGustaTest" time="0"/>
  <testcase name="meGusta_NoDeberiaIncrementarLosVotosNegativos_CuandoEsTrue" classname="CapituloTest$MeGustaTest" time="0.001"/>
  <testcase name="meGusta_DeberiaIncrementarLosVotosPositivos_CuandoEsTrue" classname="CapituloTest$MeGustaTest" time="0"/>
  <testcase name="meGusta_DeberiaIncrementarLosVotosNegativos_CuandoEsFalse" classname="CapituloTest$MeGustaTest" time="0.001"/>
  <testcase name="deberiaLanzarExcepcionSiTituloEstaVacio" classname="CapituloTest$ConstructorTest" time="0.009"/>
  <testcase name="deberiaConstruirObjetoCapituloSiArgumentosSonValidos" classname="CapituloTest$ConstructorTest" time="0"/>
  <testcase name="deberiaLanzarExcepcionSiTituloContieneSoloEspacios" classname="CapituloTest$ConstructorTest" time="0"/>
  <testcase name="deberiaCopiarCorrectamenteTodosLosAtributos" classname="CapituloTest$ConstructorCopiaTest" time="0.002"/>
</testsuite>